2024-09-12 14:28:10.125 [info] Added views:workbench.panel.markers.view in workbench.panel.markers
2024-09-12 14:28:10.125 [info] Added views:workbench.panel.output in workbench.panel.output
2024-09-12 14:28:10.126 [info] Added views:terminal in terminal
2024-09-12 14:28:10.126 [info] Added views:outline in workbench.view.explorer
2024-09-12 14:28:10.126 [info] Added views:workbench.scm in workbench.view.scm
2024-09-12 14:28:10.126 [info] Added views:workbench.view.search in workbench.view.search
2024-09-12 14:28:10.126 [info] Added views:timeline in workbench.view.explorer
2024-09-12 14:28:10.126 [info] Added views:workbench.explorer.fileView in workbench.view.explorer
2024-09-12 14:28:10.970 [info] Added views:workbench.debug.welcome in workbench.view.debug
2024-09-12 14:28:14.682 [info] Added views:activeSceneTree,inspectNode in workbench.view.debug
2024-09-12 14:28:14.683 [info] Added views:scenePreview in workbench.view.extension.godotTools
2024-09-12 14:28:14.806 [info] Added views:~remote.forwardedPorts in ~remote.forwardedPortsContainer
2024-09-12 14:28:15.481 [info] Added views:workbench.panel.repl.view in workbench.panel.repl
2024-09-12 14:28:18.375 [info] Added views:test-explorer in workbench.view.extension.test
2024-09-12 14:28:19.155 [info] Added views:workbench.scm.history in workbench.view.scm
2024-09-12 14:28:19.262 [info] Added views:rustDependencies in workbench.view.explorer
2024-09-12 14:53:29.835 [info] Added views:workbench.views.extensions.installed,workbench.views.extensions.popular,extensions.recommendedList in workbench.view.extensions
2024-09-12 14:53:29.985 [info] Removed views:workbench.views.extensions.popular from workbench.view.extensions
2024-09-12 14:53:53.222 [info] Removed views:extensions.recommendedList,workbench.views.extensions.installed from workbench.view.extensions
2024-09-12 14:53:53.284 [info] Added views:workbench.views.extensions.marketplace in workbench.view.extensions
