2024-09-12 15:38:07.925 [info] [main] Log level: Info
2024-09-12 15:38:07.925 [info] [main] Validating found git in: "git"
2024-09-12 15:38:08.136 [info] [main] Using git "2.46.0" from "git"
2024-09-12 15:38:08.136 [info] [Model][doInitialScan] Initial repository scan started
2024-09-12 15:38:08.925 [info] > git rev-parse --show-toplevel [770ms]
2024-09-12 15:38:08.948 [info] > git rev-parse --git-dir --git-common-dir [6ms]
2024-09-12 15:38:08.967 [info] [Model][openRepository] Opened repository: /home/rain/programming/rust/rust-vulkan
2024-09-12 15:38:08.988 [info] > git rev-parse --show-toplevel [4ms]
2024-09-12 15:38:09.010 [info] > git rev-parse --show-toplevel [15ms]
2024-09-12 15:38:09.021 [info] > git config --get commit.template [43ms]
2024-09-12 15:38:09.023 [info] > git rev-parse --show-toplevel [2ms]
2024-09-12 15:38:09.023 [info] [Model][doInitialScan] Initial repository scan completed - repositories (1), closed repositories (0), parent repositories (0), unsafe repositories (0)
2024-09-12 15:38:09.325 [info] > git for-each-ref --format=%(refname)%00%(upstream:short)%00%(objectname)%00%(upstream:track)%00%(upstream:remotename)%00%(upstream:remoteref) refs/heads/master refs/remotes/master [320ms]
2024-09-12 15:38:09.346 [info] > git ls-files --stage -- /home/rain/programming/rust/rust-vulkan/src/main.rs [33ms]
2024-09-12 15:38:09.489 [info] > git show --textconv :src/main.rs [194ms]
2024-09-12 15:38:09.489 [info] > git status -z -uall [105ms]
2024-09-12 15:38:09.533 [info] > git check-ignore -v -z --stdin [11ms]
2024-09-12 15:38:09.534 [info] > git for-each-ref --format=%(refname)%00%(upstream:short)%00%(objectname)%00%(upstream:track)%00%(upstream:remotename)%00%(upstream:remoteref) refs/heads/master refs/remotes/master [33ms]
2024-09-12 15:38:09.542 [info] > git cat-file -s 5e3295174190f1cd7c23b5496a64b68cc3d4dc9e [181ms]
2024-09-12 15:38:09.550 [info] > git config --local branch.master.vscode-merge-base [7ms]
2024-09-12 15:38:09.550 [warning] [Git][config] git config failed: Failed to execute git
2024-09-12 15:38:09.560 [info] > git config --get commit.template [28ms]
2024-09-12 15:38:09.877 [info] > git reflog master --grep-reflog=branch: Created from *. [318ms]
2024-09-12 15:38:09.918 [info] > git for-each-ref --format=%(refname)%00%(upstream:short)%00%(objectname)%00%(upstream:track)%00%(upstream:remotename)%00%(upstream:remoteref) refs/heads/master refs/remotes/master [7ms]
2024-09-12 15:38:09.920 [info] > git symbolic-ref --short refs/remotes/origin/HEAD [31ms]
2024-09-12 15:38:09.920 [info] fatal: ref refs/remotes/origin/HEAD is not a symbolic ref
2024-09-12 15:38:09.951 [info] > git merge-base refs/heads/master refs/remotes/rust-vulkan/master [6ms]
2024-09-12 15:38:09.979 [info] > git rev-list --count --left-right refs/heads/master...refs/remotes/rust-vulkan/master [12ms]
2024-09-12 15:38:09.992 [info] > git status -z -uall [14ms]
2024-09-12 15:38:10.004 [info] > git for-each-ref --format=%(refname)%00%(upstream:short)%00%(objectname)%00%(upstream:track)%00%(upstream:remotename)%00%(upstream:remoteref) refs/heads/master refs/remotes/master [4ms]
2024-09-12 15:38:10.010 [info] > git diff --name-status -z --diff-filter=ADMR ba749092cb0c84dea13f84cc26a2a69e613618ea...refs/remotes/rust-vulkan/master [20ms]
2024-09-12 15:38:10.012 [info] > git config --local branch.master.vscode-merge-base [2ms]
2024-09-12 15:38:10.012 [warning] [Git][config] git config failed: Failed to execute git
2024-09-12 15:38:10.020 [info] > git reflog master --grep-reflog=branch: Created from *. [3ms]
2024-09-12 15:38:10.029 [info] > git symbolic-ref --short refs/remotes/origin/HEAD [4ms]
2024-09-12 15:38:10.029 [info] fatal: ref refs/remotes/origin/HEAD is not a symbolic ref
2024-09-12 15:38:24.147 [info] [main] Log level: Info
2024-09-12 15:38:24.147 [info] [main] Validating found git in: "git"
2024-09-12 15:38:24.147 [info] [main] Using git "2.46.0" from "git"
2024-09-12 15:38:24.147 [info] [Model][doInitialScan] Initial repository scan started
2024-09-12 15:38:24.164 [info] > git rev-parse --show-toplevel [37ms]
2024-09-12 15:38:24.164 [info] fatal: detected dubious ownership in repository at '/home/rain/programming/rust/rusterria'
To add an exception for this directory, call:

	git config --global --add safe.directory /home/rain/programming/rust/rusterria
2024-09-12 15:38:24.185 [info] > git rev-parse --show-toplevel [4ms]
2024-09-12 15:38:24.185 [info] fatal: detected dubious ownership in repository at '/home/rain/programming/rust/rusterria'
To add an exception for this directory, call:

	git config --global --add safe.directory /home/rain/programming/rust/rusterria
2024-09-12 15:38:24.229 [info] > git rev-parse --show-toplevel [31ms]
2024-09-12 15:38:24.229 [info] fatal: detected dubious ownership in repository at '/home/rain/programming/rust/rusterria'
To add an exception for this directory, call:

	git config --global --add safe.directory /home/rain/programming/rust/rusterria
2024-09-12 15:38:24.239 [info] [Model][doInitialScan] Initial repository scan completed - repositories (0), closed repositories (0), parent repositories (0), unsafe repositories (1)
2024-09-12 15:38:24.478 [info] > git rev-parse --show-toplevel [4ms]
2024-09-12 15:38:24.478 [info] fatal: detected dubious ownership in repository at '/home/rain/programming/rust/rusterria'
To add an exception for this directory, call:

	git config --global --add safe.directory /home/rain/programming/rust/rusterria
2024-09-12 15:38:29.019 [info] > git rev-parse --show-toplevel [3ms]
2024-09-12 15:38:29.019 [info] fatal: detected dubious ownership in repository at '/home/rain/programming/rust/rusterria'
To add an exception for this directory, call:

	git config --global --add safe.directory /home/rain/programming/rust/rusterria
