2024-09-12 15:38:00.215 [info] Added views:workbench.panel.markers.view in workbench.panel.markers
2024-09-12 15:38:00.215 [info] Added views:workbench.panel.output in workbench.panel.output
2024-09-12 15:38:00.215 [info] Added views:terminal in terminal
2024-09-12 15:38:00.215 [info] Added views:outline in workbench.view.explorer
2024-09-12 15:38:00.215 [info] Added views:workbench.scm in workbench.view.scm
2024-09-12 15:38:00.215 [info] Added views:workbench.view.search in workbench.view.search
2024-09-12 15:38:00.215 [info] Added views:timeline in workbench.view.explorer
2024-09-12 15:38:00.215 [info] Added views:workbench.explorer.fileView in workbench.view.explorer
2024-09-12 15:38:00.987 [info] Added views:workbench.debug.welcome in workbench.view.debug
2024-09-12 15:38:04.546 [info] Added views:activeSceneTree,inspectNode in workbench.view.debug
2024-09-12 15:38:04.548 [info] Added views:scenePreview in workbench.view.extension.godotTools
2024-09-12 15:38:04.627 [info] Added views:~remote.forwardedPorts in ~remote.forwardedPortsContainer
2024-09-12 15:38:04.826 [info] Added views:workbench.panel.repl.view in workbench.panel.repl
2024-09-12 15:38:07.878 [info] Added views:test-explorer in workbench.view.extension.test
2024-09-12 15:38:08.234 [info] Added views:rustDependencies in workbench.view.explorer
2024-09-12 15:38:08.964 [info] Added views:workbench.scm.history in workbench.view.scm
2024-09-12 15:38:19.634 [info] Removed views:workbench.scm.history from workbench.view.scm
2024-09-12 15:38:21.555 [info] Added views:workbench.panel.markers.view in workbench.panel.markers
2024-09-12 15:38:21.555 [info] Added views:workbench.panel.output in workbench.panel.output
2024-09-12 15:38:21.555 [info] Added views:terminal in terminal
2024-09-12 15:38:21.555 [info] Added views:outline in workbench.view.explorer
2024-09-12 15:38:21.555 [info] Added views:workbench.scm in workbench.view.scm
2024-09-12 15:38:21.555 [info] Added views:workbench.view.search in workbench.view.search
2024-09-12 15:38:21.555 [info] Added views:timeline in workbench.view.explorer
2024-09-12 15:38:21.555 [info] Added views:workbench.explorer.fileView in workbench.view.explorer
2024-09-12 15:38:22.586 [info] Added views:workbench.debug.variablesView,workbench.debug.watchExpressionsView,workbench.debug.callStackView,workbench.debug.breakPointsView in workbench.view.debug
2024-09-12 15:38:23.012 [info] Added views:activeSceneTree,inspectNode in workbench.view.debug
2024-09-12 15:38:23.012 [info] Added views:scenePreview in workbench.view.extension.godotTools
2024-09-12 15:38:23.449 [info] Added views:workbench.panel.repl.view in workbench.panel.repl
2024-09-12 15:38:23.456 [info] Removed views:workbench.debug.breakPointsView,workbench.debug.callStackView,workbench.debug.watchExpressionsView,workbench.debug.variablesView from workbench.view.debug
2024-09-12 15:38:23.464 [info] Added views:workbench.debug.welcome in workbench.view.debug
2024-09-12 15:38:23.639 [info] Added views:~remote.forwardedPorts in ~remote.forwardedPortsContainer
2024-09-12 15:38:24.159 [info] Added views:test-explorer in workbench.view.extension.test
2024-09-12 15:38:24.308 [info] Added views:rustDependencies in workbench.view.explorer
