2024-09-12 14:28:14.657 [info] Extension host with pid 14850 started
2024-09-12 14:28:14.657 [info] Skipping acquiring lock for /home/rain/.config/Code - OSS/User/workspaceStorage/d9889b2d1d35a9c1a41fffef2456f29b.
2024-09-12 14:28:15.478 [info] ExtensionService#_doActivateExtension vscode.emmet, startup: false, activationEvent: 'onLanguage'
2024-09-12 14:28:16.014 [info] ExtensionService#_doActivateExtension rust-lang.rust-analyzer, startup: false, activationEvent: 'onLanguage:rust'
2024-09-12 14:28:16.456 [info] ExtensionService#_doActivateExtension vscode.git-base, startup: true, activationEvent: '*', root cause: vscode.git
2024-09-12 14:28:16.619 [info] ExtensionService#_doActivateExtension hbenl.test-adapter-converter, startup: true, activationEvent: '*', root cause: hbenl.vscode-test-explorer
2024-09-12 14:28:17.317 [info] ExtensionService#_doActivateExtension vscode.git, startup: true, activationEvent: '*'
2024-09-12 14:28:17.893 [info] ExtensionService#_doActivateExtension vscode.github, startup: true, activationEvent: '*'
2024-09-12 14:28:17.993 [info] ExtensionService#_doActivateExtension hbenl.vscode-test-explorer, startup: true, activationEvent: '*'
2024-09-12 14:28:18.434 [info] ExtensionService#_doActivateExtension Swellaby.vscode-rust-test-adapter, startup: true, activationEvent: '*'
2024-09-12 14:28:18.439 [error] Activating extension Swellaby.vscode-rust-test-adapter failed due to an error:
2024-09-12 14:28:18.439 [error] Error: Cannot find module '/home/rain/.vscode-oss/extensions/swellaby.vscode-rust-test-adapter-0.11.1-universal/src/main.js'
Require stack:
- /usr/lib/code/out/bootstrap-fork.js
	at Module._resolveFilename (node:internal/modules/cjs/loader:1152:15)
	at i._resolveFilename (node:electron/js2c/utility_init:2:13739)
	at Module._load (node:internal/modules/cjs/loader:993:27)
	at c._load (node:electron/js2c/node_init:2:13801)
	at y._load (/usr/lib/code/out/vs/workbench/api/node/extensionHostProcess.js:184:6031)
	at i._load (/usr/lib/code/out/vs/workbench/api/node/extensionHostProcess.js:181:32144)
	at n._load (/usr/lib/code/out/vs/workbench/api/node/extensionHostProcess.js:146:34326)
	at Module.require (node:internal/modules/cjs/loader:1240:19)
	at require (node:internal/modules/helpers:179:18)
	at i (/usr/lib/code/out/bootstrap-fork.js:3:98)
	at m.xb (/usr/lib/code/out/vs/workbench/api/node/extensionHostProcess.js:181:33345)
	at async Promise.all (index 0)
2024-09-12 14:28:19.273 [info] Eager extensions activated
2024-09-12 14:28:19.315 [info] ExtensionService#_doActivateExtension vscode.debug-auto-launch, startup: false, activationEvent: 'onStartupFinished'
2024-09-12 14:28:19.360 [info] ExtensionService#_doActivateExtension vscode.merge-conflict, startup: false, activationEvent: 'onStartupFinished'
2024-09-12 14:28:19.687 [info] ExtensionService#_doActivateExtension vscode.github-authentication, startup: false, activationEvent: 'onAuthenticationRequest:github'
2024-09-12 14:28:36.144 [info] ExtensionService#_doActivateExtension bungcip.better-toml, startup: false, activationEvent: 'onLanguage:toml'
2024-09-12 14:28:36.865 [info] ExtensionService#_doActivateExtension serayuzgur.crates, startup: false, activationEvent: 'onLanguage:toml'
2024-09-12 15:07:45.774 [warning] TextEditor is closed/disposed
2024-09-12 15:07:47.187 [warning] TextEditor is closed/disposed
2024-09-12 15:07:48.032 [warning] TextEditor is closed/disposed
2024-09-12 15:07:48.043 [warning] TextEditor is closed/disposed
2024-09-12 15:19:15.379 [warning] TextEditor is closed/disposed
2024-09-12 15:19:15.530 [warning] TextEditor is closed/disposed
