2024-09-12T11:45:22.716459Z ERROR error="can't load standard library from sysroot\n{sysroot_path}\n(discovered via `rustc --print sysroot`)\ntry installing the Rust source the same way you installed rustc"
Error: file not found: /home/rain/programming/rust/rust-vulkan/Cargo.toml
sending on a disconnected channel

Stack backtrace:
   0: anyhow::error::<impl anyhow::Error>::msg
   1: anyhow::__private::format_err
   2: rust_analyzer::run_server
   3: std::sys::backtrace::__rust_begin_short_backtrace
   4: core::ops::function::FnOnce::call_once{{vtable.shim}}
   5: std::sys::pal::unix::thread::Thread::new::thread_start
   6: <unknown>
   7: <unknown>
[Info  - 12:46:11] Connection to server got closed. Server will restart.
true
2024-09-12T11:46:11.154586Z ERROR error="can't load standard library from sysroot\n{sysroot_path}\n(discovered via `rustc --print sysroot`)\ntry installing the Rust source the same way you installed rustc"
2024-09-12T11:46:18.519320Z ERROR error="can't load standard library from sysroot\n{sysroot_path}\n(discovered via `rustc --print sysroot`)\ntry installing the Rust source the same way you installed rustc"
2024-09-12T11:46:37.835324Z ERROR error="can't load standard library from sysroot\n{sysroot_path}\n(discovered via `rustc --print sysroot`)\ntry installing the Rust source the same way you installed rustc"
2024-09-12T11:46:38.643381Z ERROR error="can't load standard library from sysroot\n{sysroot_path}\n(discovered via `rustc --print sysroot`)\ntry installing the Rust source the same way you installed rustc"
2024-09-12T11:47:00.106301Z ERROR error="can't load standard library from sysroot\n{sysroot_path}\n(discovered via `rustc --print sysroot`)\ntry installing the Rust source the same way you installed rustc"
2024-09-12T11:57:21.320130Z ERROR error="can't load standard library from sysroot\n{sysroot_path}\n(discovered via `rustc --print sysroot`)\ntry installing the Rust source the same way you installed rustc"
2024-09-12T11:57:22.206754Z ERROR error="can't load standard library from sysroot\n{sysroot_path}\n(discovered via `rustc --print sysroot`)\ntry installing the Rust source the same way you installed rustc"
2024-09-12T12:12:24.796006Z ERROR flycheck 0: File with cargo diagnostic not found in VFS: file not found: /usr/src/debug/rust/rustc-1.81.0-src/library/std/src/macros.rs
2024-09-12T12:12:24.796152Z ERROR flycheck 0: File with cargo diagnostic not found in VFS: file not found: /usr/src/debug/rust/rustc-1.81.0-src/library/std/src/macros.rs
2024-09-12T12:57:23.441278Z ERROR error="can't load standard library from sysroot\n{sysroot_path}\n(discovered via `rustc --print sysroot`)\ntry installing the Rust source the same way you installed rustc"
2024-09-12T12:57:33.115191Z ERROR error="can't load standard library from sysroot\n{sysroot_path}\n(discovered via `rustc --print sysroot`)\ntry installing the Rust source the same way you installed rustc"
2024-09-12T12:57:33.392865Z ERROR error="can't load standard library from sysroot\n{sysroot_path}\n(discovered via `rustc --print sysroot`)\ntry installing the Rust source the same way you installed rustc"
2024-09-12T12:58:55.725334Z ERROR error="can't load standard library from sysroot\n{sysroot_path}\n(discovered via `rustc --print sysroot`)\ntry installing the Rust source the same way you installed rustc"
2024-09-12T13:00:23.954187Z ERROR error="can't load standard library from sysroot\n{sysroot_path}\n(discovered via `rustc --print sysroot`)\ntry installing the Rust source the same way you installed rustc"
2024-09-12T13:01:29.563466Z ERROR error="can't load standard library from sysroot\n{sysroot_path}\n(discovered via `rustc --print sysroot`)\ntry installing the Rust source the same way you installed rustc"
2024-09-12T13:12:57.113287Z ERROR error="can't load standard library from sysroot\n{sysroot_path}\n(discovered via `rustc --print sysroot`)\ntry installing the Rust source the same way you installed rustc"
2024-09-12T13:12:58.902751Z ERROR error="can't load standard library from sysroot\n{sysroot_path}\n(discovered via `rustc --print sysroot`)\ntry installing the Rust source the same way you installed rustc"
Panic context:
> 
version: 0.3.2104-standalone
request: textDocument/codeAction CodeActionParams {
    text_document: TextDocumentIdentifier {
        uri: Url {
            scheme: "file",
            cannot_be_a_base: false,
            username: "",
            password: None,
            host: None,
            port: None,
            path: "/home/rain/programming/rust/rust-vulkan/src/shaders/mod.rs",
            query: None,
            fragment: None,
        },
    },
    range: Range {
        start: Position {
            line: 0,
            character: 0,
        },
        end: Position {
            line: 0,
            character: 24,
        },
    },
    context: CodeActionContext {
        diagnostics: [
            Diagnostic {
                range: Range {
                    start: Position {
                        line: 0,
                        character: 0,
                    },
                    end: Position {
                        line: 0,
                        character: 24,
                    },
                },
                severity: Some(
                    Error,
                ),
                code: Some(
                    String(
                        "Click for full compiler diagnostic",
                    ),
                ),
                code_description: Some(
                    CodeDescription {
                        href: Url {
                            scheme: "rust-analyzer-diagnostics-view",
                            cannot_be_a_base: false,
                            username: "",
                            password: None,
                            host: None,
                            port: None,
                            path: "/diagnostic%20message%20%5B0%5D",
                            query: Some(
                                "0",
                            ),
                            fragment: Some(
                                "file%3A%2F%2F%2Fhome%2Frain%2Fprogramming%2Frust%2Frust-vulkan%2Fsrc%2Fshaders%2Fmod.rs",
                            ),
                        },
                    },
                ),
                source: Some(
                    "rustc",
                ),
                message: "file not found for module `shader_computer`\nto create the module `shader_computer`, create file \"src/shaders/shader_computer.rs\" or \"src/shaders/shader_computer/mod.rs\"\nif there is a `mod shader_computer` elsewhere in the crate already, import it with `use crate::...` instead",
                related_information: None,
                tags: None,
                data: Some(
                    Object {
                        "rendered": String("\u{1b}[0m\u{1b}[1m\u{1b}[38;5;9merror[E0583]\u{1b}[0m\u{1b}[0m\u{1b}[1m: file not found for module `shader_computer`\u{1b}[0m\n\u{1b}[0m \u{1b}[0m\u{1b}[0m\u{1b}[1m\u{1b}[38;5;12m--> \u{1b}[0m\u{1b}[0msrc/shaders/mod.rs:1:1\u{1b}[0m\n\u{1b}[0m  \u{1b}[0m\u{1b}[0m\u{1b}[1m\u{1b}[38;5;12m|\u{1b}[0m\n\u{1b}[0m\u{1b}[1m\u{1b}[38;5;12m1\u{1b}[0m\u{1b}[0m \u{1b}[0m\u{1b}[0m\u{1b}[1m\u{1b}[38;5;12m|\u{1b}[0m\u{1b}[0m \u{1b}[0m\u{1b}[0mpub mod shader_computer;\u{1b}[0m\n\u{1b}[0m  \u{1b}[0m\u{1b}[0m\u{1b}[1m\u{1b}[38;5;12m|\u{1b}[0m\u{1b}[0m \u{1b}[0m\u{1b}[0m\u{1b}[1m\u{1b}[38;5;9m^^^^^^^^^^^^^^^^^^^^^^^^\u{1b}[0m\n\u{1b}[0m  \u{1b}[0m\u{1b}[0m\u{1b}[1m\u{1b}[38;5;12m|\u{1b}[0m\n\u{1b}[0m  \u{1b}[0m\u{1b}[0m\u{1b}[1m\u{1b}[38;5;12m= \u{1b}[0m\u{1b}[0m\u{1b}[1mhelp\u{1b}[0m\u{1b}[0m: to create the module `shader_computer`, create file \"src/shaders/shader_computer.rs\" or \"src/shaders/shader_computer/mod.rs\"\u{1b}[0m\n\u{1b}[0m  \u{1b}[0m\u{1b}[0m\u{1b}[1m\u{1b}[38;5;12m= \u{1b}[0m\u{1b}[0m\u{1b}[1mnote\u{1b}[0m\u{1b}[0m: if there is a `mod shader_computer` elsewhere in the crate already, import it with `use crate::...` instead\u{1b}[0m\n\n"),
                    },
                ),
            },
        ],
        only: Some(
            [
                CodeActionKind(
                    "quickfix",
                ),
            ],
        ),
        trigger_kind: Some(
            Invoked,
        ),
    },
    work_done_progress_params: WorkDoneProgressParams {
        work_done_token: None,
    },
    partial_result_params: PartialResultParams {
        partial_result_token: None,
    },
}

thread 'Worker' panicked at /github/home/.cargo/registry/src/index.crates.io-6f17d22bba15001f/rowan-0.15.15/src/cursor.rs:751:9:
Bad offset: range 0..23 offset 24
stack backtrace:
   0: rust_begin_unwind
   1: core::panicking::panic_fmt
   2: rowan::cursor::SyntaxNode::token_at_offset
   3: ide_assists::assist_context::AssistContext::new
   4: ide_assists::assists
   5: salsa::Cancelled::catch
   6: ide::Analysis::assists_with_fixes
   7: rust_analyzer::handlers::request::handle_code_action
   8: core::ops::function::FnOnce::call_once{{vtable.shim}}
note: Some details are omitted, run with `RUST_BACKTRACE=full` for a verbose backtrace.
2024-09-12T13:18:50.429259Z ERROR error="can't load standard library from sysroot\n{sysroot_path}\n(discovered via `rustc --print sysroot`)\ntry installing the Rust source the same way you installed rustc"
2024-09-12T13:18:50.826843Z ERROR FetchWorkspaceError: rust-analyzer failed to load workspace: Failed to load the project at /home/rain/programming/rust/rust-vulkan/Cargo.toml: Failed to read Cargo metadata from Cargo.toml file /home/rain/programming/rust/rust-vulkan/Cargo.toml, Some(Version { major: 1, minor: 81, patch: 0 }): Failed to run `cd "/home/rain/programming/rust/rust-vulkan" && RUSTUP_TOOLCHAIN="/usr" "/usr/bin/cargo" "metadata" "--format-version" "1" "--manifest-path" "/home/rain/programming/rust/rust-vulkan/Cargo.toml" "--filter-platform" "x86_64-unknown-linux-gnu"`: `cargo metadata` exited with an error: error: failed to parse manifest at `/home/rain/programming/rust/rust-vulkan/Cargo.toml`

Caused by:
  no targets specified in the manifest
  either src/lib.rs, src/main.rs, a [lib] section, or [[bin]] section must be present


2024-09-12T13:18:50.952025Z ERROR Flycheck failed to run the following command: CommandHandle { program: "/usr/bin/cargo", arguments: ["check", "--workspace", "--message-format=json-diagnostic-rendered-ansi", "--manifest-path", "/home/rain/programming/rust/rust-vulkan/Cargo.toml", "--keep-going", "--all-targets"], current_dir: Some("/home/rain/programming/rust/rust-vulkan") }, error=Cargo watcher failed, the command produced no valid metadata (exit code: ExitStatus(unix_wait_status(25856))):
error: failed to parse manifest at `/home/rain/programming/rust/rust-vulkan/Cargo.toml`

Caused by:
  no targets specified in the manifest
  either src/lib.rs, src/main.rs, a [lib] section, or [[bin]] section must be present

2024-09-12T13:18:51.473841Z ERROR error="can't load standard library from sysroot\n{sysroot_path}\n(discovered via `rustc --print sysroot`)\ntry installing the Rust source the same way you installed rustc"
2024-09-12T13:18:51.809505Z ERROR FetchWorkspaceError: rust-analyzer failed to load workspace: Failed to load the project at /home/rain/programming/rust/rust-vulkan/Cargo.toml: Failed to read Cargo metadata from Cargo.toml file /home/rain/programming/rust/rust-vulkan/Cargo.toml, Some(Version { major: 1, minor: 81, patch: 0 }): Failed to run `cd "/home/rain/programming/rust/rust-vulkan" && RUSTUP_TOOLCHAIN="/usr" "/usr/bin/cargo" "metadata" "--format-version" "1" "--manifest-path" "/home/rain/programming/rust/rust-vulkan/Cargo.toml" "--filter-platform" "x86_64-unknown-linux-gnu"`: `cargo metadata` exited with an error: error: failed to parse manifest at `/home/rain/programming/rust/rust-vulkan/Cargo.toml`

Caused by:
  no targets specified in the manifest
  either src/lib.rs, src/main.rs, a [lib] section, or [[bin]] section must be present


2024-09-12T13:18:51.915071Z ERROR Flycheck failed to run the following command: CommandHandle { program: "/usr/bin/cargo", arguments: ["check", "--workspace", "--message-format=json-diagnostic-rendered-ansi", "--manifest-path", "/home/rain/programming/rust/rust-vulkan/Cargo.toml", "--keep-going", "--all-targets"], current_dir: Some("/home/rain/programming/rust/rust-vulkan") }, error=Cargo watcher failed, the command produced no valid metadata (exit code: ExitStatus(unix_wait_status(25856))):
error: failed to parse manifest at `/home/rain/programming/rust/rust-vulkan/Cargo.toml`

Caused by:
  no targets specified in the manifest
  either src/lib.rs, src/main.rs, a [lib] section, or [[bin]] section must be present

2024-09-12T13:18:55.440536Z ERROR error="can't load standard library from sysroot\n{sysroot_path}\n(discovered via `rustc --print sysroot`)\ntry installing the Rust source the same way you installed rustc"
2024-09-12T13:18:55.799314Z ERROR FetchWorkspaceError: rust-analyzer failed to load workspace: Failed to load the project at /home/rain/programming/rust/rust-vulkan/Cargo.toml: Failed to read Cargo metadata from Cargo.toml file /home/rain/programming/rust/rust-vulkan/Cargo.toml, Some(Version { major: 1, minor: 81, patch: 0 }): Failed to run `cd "/home/rain/programming/rust/rust-vulkan" && RUSTUP_TOOLCHAIN="/usr" "/usr/bin/cargo" "metadata" "--format-version" "1" "--manifest-path" "/home/rain/programming/rust/rust-vulkan/Cargo.toml" "--filter-platform" "x86_64-unknown-linux-gnu"`: `cargo metadata` exited with an error: error: failed to parse manifest at `/home/rain/programming/rust/rust-vulkan/Cargo.toml`

Caused by:
  no targets specified in the manifest
  either src/lib.rs, src/main.rs, a [lib] section, or [[bin]] section must be present


2024-09-12T13:18:55.907873Z ERROR Flycheck failed to run the following command: CommandHandle { program: "/usr/bin/cargo", arguments: ["check", "--workspace", "--message-format=json-diagnostic-rendered-ansi", "--manifest-path", "/home/rain/programming/rust/rust-vulkan/Cargo.toml", "--keep-going", "--all-targets"], current_dir: Some("/home/rain/programming/rust/rust-vulkan") }, error=Cargo watcher failed, the command produced no valid metadata (exit code: ExitStatus(unix_wait_status(25856))):
error: failed to parse manifest at `/home/rain/programming/rust/rust-vulkan/Cargo.toml`

Caused by:
  no targets specified in the manifest
  either src/lib.rs, src/main.rs, a [lib] section, or [[bin]] section must be present

2024-09-12T13:19:05.573671Z ERROR error="can't load standard library from sysroot\n{sysroot_path}\n(discovered via `rustc --print sysroot`)\ntry installing the Rust source the same way you installed rustc"
2024-09-12T13:19:05.822036Z ERROR FetchWorkspaceError: rust-analyzer failed to load workspace: Failed to load the project at /home/rain/programming/rust/rust-vulkan/Cargo.toml: Failed to read Cargo metadata from Cargo.toml file /home/rain/programming/rust/rust-vulkan/Cargo.toml, Some(Version { major: 1, minor: 81, patch: 0 }): Failed to run `cd "/home/rain/programming/rust/rust-vulkan" && RUSTUP_TOOLCHAIN="/usr" "/usr/bin/cargo" "metadata" "--format-version" "1" "--manifest-path" "/home/rain/programming/rust/rust-vulkan/Cargo.toml" "--filter-platform" "x86_64-unknown-linux-gnu"`: `cargo metadata` exited with an error: error: failed to parse manifest at `/home/rain/programming/rust/rust-vulkan/Cargo.toml`

Caused by:
  no targets specified in the manifest
  either src/lib.rs, src/main.rs, a [lib] section, or [[bin]] section must be present


2024-09-12T13:19:05.926024Z ERROR Flycheck failed to run the following command: CommandHandle { program: "/usr/bin/cargo", arguments: ["check", "--workspace", "--message-format=json-diagnostic-rendered-ansi", "--manifest-path", "/home/rain/programming/rust/rust-vulkan/Cargo.toml", "--keep-going", "--all-targets"], current_dir: Some("/home/rain/programming/rust/rust-vulkan") }, error=Cargo watcher failed, the command produced no valid metadata (exit code: ExitStatus(unix_wait_status(25856))):
error: failed to parse manifest at `/home/rain/programming/rust/rust-vulkan/Cargo.toml`

Caused by:
  no targets specified in the manifest
  either src/lib.rs, src/main.rs, a [lib] section, or [[bin]] section must be present

2024-09-12T13:19:10.788865Z ERROR error="can't load standard library from sysroot\n{sysroot_path}\n(discovered via `rustc --print sysroot`)\ntry installing the Rust source the same way you installed rustc"
2024-09-12T13:19:11.269248Z ERROR FetchWorkspaceError: rust-analyzer failed to load workspace: Failed to load the project at /home/rain/programming/rust/rust-vulkan/Cargo.toml: Failed to read Cargo metadata from Cargo.toml file /home/rain/programming/rust/rust-vulkan/Cargo.toml, Some(Version { major: 1, minor: 81, patch: 0 }): Failed to run `cd "/home/rain/programming/rust/rust-vulkan" && RUSTUP_TOOLCHAIN="/usr" "/usr/bin/cargo" "metadata" "--format-version" "1" "--manifest-path" "/home/rain/programming/rust/rust-vulkan/Cargo.toml" "--filter-platform" "x86_64-unknown-linux-gnu"`: `cargo metadata` exited with an error: error: failed to parse manifest at `/home/rain/programming/rust/rust-vulkan/Cargo.toml`

Caused by:
  no targets specified in the manifest
  either src/lib.rs, src/main.rs, a [lib] section, or [[bin]] section must be present


2024-09-12T13:19:11.308169Z ERROR error="can't load standard library from sysroot\n{sysroot_path}\n(discovered via `rustc --print sysroot`)\ntry installing the Rust source the same way you installed rustc"
2024-09-12T13:19:11.409242Z ERROR Flycheck failed to run the following command: CommandHandle { program: "/usr/bin/cargo", arguments: ["check", "--workspace", "--message-format=json-diagnostic-rendered-ansi", "--manifest-path", "/home/rain/programming/rust/rust-vulkan/Cargo.toml", "--keep-going", "--all-targets"], current_dir: Some("/home/rain/programming/rust/rust-vulkan") }, error=Cargo watcher failed, the command produced no valid metadata (exit code: ExitStatus(unix_wait_status(25856))):
error: failed to parse manifest at `/home/rain/programming/rust/rust-vulkan/Cargo.toml`

Caused by:
  no targets specified in the manifest
  either src/lib.rs, src/main.rs, a [lib] section, or [[bin]] section must be present

2024-09-12T13:19:11.654696Z ERROR FetchWorkspaceError: rust-analyzer failed to load workspace: Failed to load the project at /home/rain/programming/rust/rust-vulkan/Cargo.toml: Failed to read Cargo metadata from Cargo.toml file /home/rain/programming/rust/rust-vulkan/Cargo.toml, Some(Version { major: 1, minor: 81, patch: 0 }): Failed to run `cd "/home/rain/programming/rust/rust-vulkan" && RUSTUP_TOOLCHAIN="/usr" "/usr/bin/cargo" "metadata" "--format-version" "1" "--manifest-path" "/home/rain/programming/rust/rust-vulkan/Cargo.toml" "--filter-platform" "x86_64-unknown-linux-gnu"`: `cargo metadata` exited with an error: error: failed to parse manifest at `/home/rain/programming/rust/rust-vulkan/Cargo.toml`

Caused by:
  no targets specified in the manifest
  either src/lib.rs, src/main.rs, a [lib] section, or [[bin]] section must be present


2024-09-12T13:19:11.752501Z ERROR Flycheck failed to run the following command: CommandHandle { program: "/usr/bin/cargo", arguments: ["check", "--workspace", "--message-format=json-diagnostic-rendered-ansi", "--manifest-path", "/home/rain/programming/rust/rust-vulkan/Cargo.toml", "--keep-going", "--all-targets"], current_dir: Some("/home/rain/programming/rust/rust-vulkan") }, error=Cargo watcher failed, the command produced no valid metadata (exit code: ExitStatus(unix_wait_status(25856))):
error: failed to parse manifest at `/home/rain/programming/rust/rust-vulkan/Cargo.toml`

Caused by:
  no targets specified in the manifest
  either src/lib.rs, src/main.rs, a [lib] section, or [[bin]] section must be present

2024-09-12T13:20:02.568189Z ERROR error="can't load standard library from sysroot\n{sysroot_path}\n(discovered via `rustc --print sysroot`)\ntry installing the Rust source the same way you installed rustc"
2024-09-12T13:20:02.644533Z ERROR Flycheck failed to run the following command: CommandHandle { program: "/usr/bin/cargo", arguments: ["check", "--workspace", "--message-format=json-diagnostic-rendered-ansi", "--manifest-path", "/home/rain/programming/rust/rust-vulkan/Cargo.toml", "--keep-going", "--all-targets"], current_dir: Some("/home/rain/programming/rust/rust-vulkan") }, error=Cargo watcher failed, the command produced no valid metadata (exit code: ExitStatus(unix_wait_status(25856))):
error: failed to parse manifest at `/home/rain/programming/rust/rust-vulkan/Cargo.toml`

Caused by:
  no targets specified in the manifest
  either src/lib.rs, src/main.rs, a [lib] section, or [[bin]] section must be present

2024-09-12T13:20:02.873118Z ERROR FetchWorkspaceError: rust-analyzer failed to load workspace: Failed to load the project at /home/rain/programming/rust/rust-vulkan/Cargo.toml: Failed to read Cargo metadata from Cargo.toml file /home/rain/programming/rust/rust-vulkan/Cargo.toml, Some(Version { major: 1, minor: 81, patch: 0 }): Failed to run `cd "/home/rain/programming/rust/rust-vulkan" && RUSTUP_TOOLCHAIN="/usr" "/usr/bin/cargo" "metadata" "--format-version" "1" "--manifest-path" "/home/rain/programming/rust/rust-vulkan/Cargo.toml" "--filter-platform" "x86_64-unknown-linux-gnu"`: `cargo metadata` exited with an error: error: failed to parse manifest at `/home/rain/programming/rust/rust-vulkan/Cargo.toml`

Caused by:
  no targets specified in the manifest
  either src/lib.rs, src/main.rs, a [lib] section, or [[bin]] section must be present


2024-09-12T13:20:02.899270Z ERROR error="can't load standard library from sysroot\n{sysroot_path}\n(discovered via `rustc --print sysroot`)\ntry installing the Rust source the same way you installed rustc"
2024-09-12T13:20:02.980429Z ERROR Flycheck failed to run the following command: CommandHandle { program: "/usr/bin/cargo", arguments: ["check", "--workspace", "--message-format=json-diagnostic-rendered-ansi", "--manifest-path", "/home/rain/programming/rust/rust-vulkan/Cargo.toml", "--keep-going", "--all-targets"], current_dir: Some("/home/rain/programming/rust/rust-vulkan") }, error=Cargo watcher failed, the command produced no valid metadata (exit code: ExitStatus(unix_wait_status(25856))):
error: failed to parse manifest at `/home/rain/programming/rust/rust-vulkan/Cargo.toml`

Caused by:
  no targets specified in the manifest
  either src/lib.rs, src/main.rs, a [lib] section, or [[bin]] section must be present

2024-09-12T13:20:03.179055Z ERROR FetchWorkspaceError: rust-analyzer failed to load workspace: Failed to load the project at /home/rain/programming/rust/rust-vulkan/Cargo.toml: Failed to read Cargo metadata from Cargo.toml file /home/rain/programming/rust/rust-vulkan/Cargo.toml, Some(Version { major: 1, minor: 81, patch: 0 }): Failed to run `cd "/home/rain/programming/rust/rust-vulkan" && RUSTUP_TOOLCHAIN="/usr" "/usr/bin/cargo" "metadata" "--format-version" "1" "--manifest-path" "/home/rain/programming/rust/rust-vulkan/Cargo.toml" "--filter-platform" "x86_64-unknown-linux-gnu"`: `cargo metadata` exited with an error: error: failed to parse manifest at `/home/rain/programming/rust/rust-vulkan/Cargo.toml`

Caused by:
  no targets specified in the manifest
  either src/lib.rs, src/main.rs, a [lib] section, or [[bin]] section must be present


2024-09-12T13:20:03.285936Z ERROR Flycheck failed to run the following command: CommandHandle { program: "/usr/bin/cargo", arguments: ["check", "--workspace", "--message-format=json-diagnostic-rendered-ansi", "--manifest-path", "/home/rain/programming/rust/rust-vulkan/Cargo.toml", "--keep-going", "--all-targets"], current_dir: Some("/home/rain/programming/rust/rust-vulkan") }, error=Cargo watcher failed, the command produced no valid metadata (exit code: ExitStatus(unix_wait_status(25856))):
error: failed to parse manifest at `/home/rain/programming/rust/rust-vulkan/Cargo.toml`

Caused by:
  no targets specified in the manifest
  either src/lib.rs, src/main.rs, a [lib] section, or [[bin]] section must be present

2024-09-12T13:20:08.192929Z ERROR error="can't load standard library from sysroot\n{sysroot_path}\n(discovered via `rustc --print sysroot`)\ntry installing the Rust source the same way you installed rustc"
2024-09-12T13:20:08.268665Z ERROR Flycheck failed to run the following command: CommandHandle { program: "/usr/bin/cargo", arguments: ["check", "--workspace", "--message-format=json-diagnostic-rendered-ansi", "--manifest-path", "/home/rain/programming/rust/rust-vulkan/Cargo.toml", "--keep-going", "--all-targets"], current_dir: Some("/home/rain/programming/rust/rust-vulkan") }, error=Cargo watcher failed, the command produced no valid metadata (exit code: ExitStatus(unix_wait_status(25856))):
error: failed to parse manifest at `/home/rain/programming/rust/rust-vulkan/Cargo.toml`

Caused by:
  no targets specified in the manifest
  either src/lib.rs, src/main.rs, a [lib] section, or [[bin]] section must be present

2024-09-12T13:20:08.433494Z ERROR FetchWorkspaceError: rust-analyzer failed to load workspace: Failed to load the project at /home/rain/programming/rust/rust-vulkan/Cargo.toml: Failed to read Cargo metadata from Cargo.toml file /home/rain/programming/rust/rust-vulkan/Cargo.toml, Some(Version { major: 1, minor: 81, patch: 0 }): Failed to run `cd "/home/rain/programming/rust/rust-vulkan" && RUSTUP_TOOLCHAIN="/usr" "/usr/bin/cargo" "metadata" "--format-version" "1" "--manifest-path" "/home/rain/programming/rust/rust-vulkan/Cargo.toml" "--filter-platform" "x86_64-unknown-linux-gnu"`: `cargo metadata` exited with an error: error: failed to parse manifest at `/home/rain/programming/rust/rust-vulkan/Cargo.toml`

Caused by:
  no targets specified in the manifest
  either src/lib.rs, src/main.rs, a [lib] section, or [[bin]] section must be present


2024-09-12T13:20:08.458988Z ERROR error="can't load standard library from sysroot\n{sysroot_path}\n(discovered via `rustc --print sysroot`)\ntry installing the Rust source the same way you installed rustc"
2024-09-12T13:20:08.534248Z ERROR Flycheck failed to run the following command: CommandHandle { program: "/usr/bin/cargo", arguments: ["check", "--workspace", "--message-format=json-diagnostic-rendered-ansi", "--manifest-path", "/home/rain/programming/rust/rust-vulkan/Cargo.toml", "--keep-going", "--all-targets"], current_dir: Some("/home/rain/programming/rust/rust-vulkan") }, error=Cargo watcher failed, the command produced no valid metadata (exit code: ExitStatus(unix_wait_status(25856))):
error: failed to parse manifest at `/home/rain/programming/rust/rust-vulkan/Cargo.toml`

Caused by:
  no targets specified in the manifest
  either src/lib.rs, src/main.rs, a [lib] section, or [[bin]] section must be present

2024-09-12T13:20:08.696729Z ERROR FetchWorkspaceError: rust-analyzer failed to load workspace: Failed to load the project at /home/rain/programming/rust/rust-vulkan/Cargo.toml: Failed to read Cargo metadata from Cargo.toml file /home/rain/programming/rust/rust-vulkan/Cargo.toml, Some(Version { major: 1, minor: 81, patch: 0 }): Failed to run `cd "/home/rain/programming/rust/rust-vulkan" && RUSTUP_TOOLCHAIN="/usr" "/usr/bin/cargo" "metadata" "--format-version" "1" "--manifest-path" "/home/rain/programming/rust/rust-vulkan/Cargo.toml" "--filter-platform" "x86_64-unknown-linux-gnu"`: `cargo metadata` exited with an error: error: failed to parse manifest at `/home/rain/programming/rust/rust-vulkan/Cargo.toml`

Caused by:
  no targets specified in the manifest
  either src/lib.rs, src/main.rs, a [lib] section, or [[bin]] section must be present


2024-09-12T13:20:08.784244Z ERROR Flycheck failed to run the following command: CommandHandle { program: "/usr/bin/cargo", arguments: ["check", "--workspace", "--message-format=json-diagnostic-rendered-ansi", "--manifest-path", "/home/rain/programming/rust/rust-vulkan/Cargo.toml", "--keep-going", "--all-targets"], current_dir: Some("/home/rain/programming/rust/rust-vulkan") }, error=Cargo watcher failed, the command produced no valid metadata (exit code: ExitStatus(unix_wait_status(25856))):
error: failed to parse manifest at `/home/rain/programming/rust/rust-vulkan/Cargo.toml`

Caused by:
  no targets specified in the manifest
  either src/lib.rs, src/main.rs, a [lib] section, or [[bin]] section must be present

2024-09-12T13:20:53.406620Z ERROR error="can't load standard library from sysroot\n{sysroot_path}\n(discovered via `rustc --print sysroot`)\ntry installing the Rust source the same way you installed rustc"
2024-09-12T13:20:53.688011Z ERROR FetchWorkspaceError: rust-analyzer failed to load workspace: Failed to load the project at /home/rain/programming/rust/rust-vulkan/Cargo.toml: Failed to read Cargo metadata from Cargo.toml file /home/rain/programming/rust/rust-vulkan/Cargo.toml, Some(Version { major: 1, minor: 81, patch: 0 }): Failed to run `cd "/home/rain/programming/rust/rust-vulkan" && RUSTUP_TOOLCHAIN="/usr" "/usr/bin/cargo" "metadata" "--format-version" "1" "--manifest-path" "/home/rain/programming/rust/rust-vulkan/Cargo.toml" "--filter-platform" "x86_64-unknown-linux-gnu"`: `cargo metadata` exited with an error: error: failed to parse manifest at `/home/rain/programming/rust/rust-vulkan/Cargo.toml`

Caused by:
  no targets specified in the manifest
  either src/lib.rs, src/main.rs, a [lib] section, or [[bin]] section must be present


2024-09-12T13:20:53.943048Z ERROR Flycheck failed to run the following command: CommandHandle { program: "/usr/bin/cargo", arguments: ["check", "--workspace", "--message-format=json-diagnostic-rendered-ansi", "--manifest-path", "/home/rain/programming/rust/rust-vulkan/Cargo.toml", "--keep-going", "--all-targets"], current_dir: Some("/home/rain/programming/rust/rust-vulkan") }, error=Cargo watcher failed, the command produced no valid metadata (exit code: ExitStatus(unix_wait_status(25856))):
error: failed to parse manifest at `/home/rain/programming/rust/rust-vulkan/Cargo.toml`

Caused by:
  no targets specified in the manifest
  either src/lib.rs, src/main.rs, a [lib] section, or [[bin]] section must be present

2024-09-12T13:21:00.434743Z ERROR Flycheck failed to run the following command: CommandHandle { program: "/usr/bin/cargo", arguments: ["check", "--workspace", "--message-format=json-diagnostic-rendered-ansi", "--manifest-path", "/home/rain/programming/rust/rust-vulkan/Cargo.toml", "--keep-going", "--all-targets"], current_dir: Some("/home/rain/programming/rust/rust-vulkan") }, error=Cargo watcher failed, the command produced no valid metadata (exit code: ExitStatus(unix_wait_status(25856))):
error: failed to parse manifest at `/home/rain/programming/rust/rust-vulkan/Cargo.toml`

Caused by:
  no targets specified in the manifest
  either src/lib.rs, src/main.rs, a [lib] section, or [[bin]] section must be present

2024-09-12T13:21:43.084319Z ERROR Flycheck failed to run the following command: CommandHandle { program: "/usr/bin/cargo", arguments: ["check", "--workspace", "--message-format=json-diagnostic-rendered-ansi", "--manifest-path", "/home/rain/programming/rust/rust-vulkan/Cargo.toml", "--keep-going", "--all-targets"], current_dir: Some("/home/rain/programming/rust/rust-vulkan") }, error=Cargo watcher failed, the command produced no valid metadata (exit code: ExitStatus(unix_wait_status(25856))):
error: failed to parse manifest at `/home/rain/programming/rust/rust-vulkan/Cargo.toml`

Caused by:
  no targets specified in the manifest
  either src/lib.rs, src/main.rs, a [lib] section, or [[bin]] section must be present

2024-09-12T13:21:49.710372Z ERROR Flycheck failed to run the following command: CommandHandle { program: "/usr/bin/cargo", arguments: ["check", "--workspace", "--message-format=json-diagnostic-rendered-ansi", "--manifest-path", "/home/rain/programming/rust/rust-vulkan/Cargo.toml", "--keep-going", "--all-targets"], current_dir: Some("/home/rain/programming/rust/rust-vulkan") }, error=Cargo watcher failed, the command produced no valid metadata (exit code: ExitStatus(unix_wait_status(25856))):
error: failed to parse manifest at `/home/rain/programming/rust/rust-vulkan/Cargo.toml`

Caused by:
  no targets specified in the manifest
  either src/lib.rs, src/main.rs, a [lib] section, or [[bin]] section must be present

2024-09-12T13:22:40.927156Z ERROR error="can't load standard library from sysroot\n{sysroot_path}\n(discovered via `rustc --print sysroot`)\ntry installing the Rust source the same way you installed rustc"
2024-09-12T13:22:53.918572Z ERROR error="can't load standard library from sysroot\n{sysroot_path}\n(discovered via `rustc --print sysroot`)\ntry installing the Rust source the same way you installed rustc"
2024-09-12T13:23:00.540356Z ERROR error="can't load standard library from sysroot\n{sysroot_path}\n(discovered via `rustc --print sysroot`)\ntry installing the Rust source the same way you installed rustc"
2024-09-12T13:25:03.657811Z ERROR error="can't load standard library from sysroot\n{sysroot_path}\n(discovered via `rustc --print sysroot`)\ntry installing the Rust source the same way you installed rustc"
