2024-09-12 11:32:30.809 [info] Extension host with pid 1704 started
2024-09-12 11:32:30.809 [info] Skipping acquiring lock for /home/rain/.config/Code - OSS/User/workspaceStorage/579c168b9b95e2015c5280da7d6e2d94.
2024-09-12 11:32:30.987 [info] ExtensionService#_doActivateExtension vscode.emmet, startup: false, activationEvent: 'onLanguage'
2024-09-12 11:32:31.348 [info] ExtensionService#_doActivateExtension vscode.git-base, startup: true, activationEvent: '*', root cause: vscode.git
2024-09-12 11:32:31.527 [info] ExtensionService#_doActivateExtension hbenl.test-adapter-converter, startup: true, activationEvent: '*', root cause: hbenl.vscode-test-explorer
2024-09-12 11:32:32.344 [info] ExtensionService#_doActivateExtension vscode.git, startup: true, activationEvent: '*'
2024-09-12 11:32:33.091 [info] ExtensionService#_doActivateExtension vscode.github, startup: true, activationEvent: '*'
2024-09-12 11:32:33.220 [info] ExtensionService#_doActivateExtension hbenl.vscode-test-explorer, startup: true, activationEvent: '*'
2024-09-12 11:32:33.456 [info] ExtensionService#_doActivateExtension Swellaby.vscode-rust-test-adapter, startup: true, activationEvent: '*'
2024-09-12 11:32:33.463 [error] Activating extension Swellaby.vscode-rust-test-adapter failed due to an error:
2024-09-12 11:32:33.463 [error] Error: Cannot find module '/home/rain/.vscode-oss/extensions/swellaby.vscode-rust-test-adapter-0.11.1-universal/src/main.js'
Require stack:
- /usr/lib/code/out/bootstrap-fork.js
	at Module._resolveFilename (node:internal/modules/cjs/loader:1152:15)
	at i._resolveFilename (node:electron/js2c/utility_init:2:13739)
	at Module._load (node:internal/modules/cjs/loader:993:27)
	at c._load (node:electron/js2c/node_init:2:13801)
	at y._load (/usr/lib/code/out/vs/workbench/api/node/extensionHostProcess.js:184:6031)
	at i._load (/usr/lib/code/out/vs/workbench/api/node/extensionHostProcess.js:181:32144)
	at n._load (/usr/lib/code/out/vs/workbench/api/node/extensionHostProcess.js:146:34326)
	at Module.require (node:internal/modules/cjs/loader:1240:19)
	at require (node:internal/modules/helpers:179:18)
	at i (/usr/lib/code/out/bootstrap-fork.js:3:98)
	at m.xb (/usr/lib/code/out/vs/workbench/api/node/extensionHostProcess.js:181:33345)
	at async Promise.all (index 0)
2024-09-12 11:32:33.629 [info] Eager extensions activated
2024-09-12 11:32:33.663 [info] ExtensionService#_doActivateExtension vscode.debug-auto-launch, startup: false, activationEvent: 'onStartupFinished'
2024-09-12 11:32:33.938 [info] ExtensionService#_doActivateExtension vscode.merge-conflict, startup: false, activationEvent: 'onStartupFinished'
2024-09-12 11:38:47.896 [info] ExtensionService#_doActivateExtension geequlim.godot-tools, startup: false, activationEvent: 'onView:scenePreview'
