2024-09-12 12:44:15.420 [info] Added views:workbench.panel.markers.view in workbench.panel.markers
2024-09-12 12:44:15.420 [info] Added views:workbench.panel.output in workbench.panel.output
2024-09-12 12:44:15.420 [info] Added views:terminal in terminal
2024-09-12 12:44:15.420 [info] Added views:outline in workbench.view.explorer
2024-09-12 12:44:15.420 [info] Added views:workbench.scm in workbench.view.scm
2024-09-12 12:44:15.420 [info] Added views:workbench.view.search in workbench.view.search
2024-09-12 12:44:15.420 [info] Added views:timeline in workbench.view.explorer
2024-09-12 12:44:15.420 [info] Added views:workbench.explorer.fileView in workbench.view.explorer
2024-09-12 12:44:16.266 [info] Added views:workbench.debug.welcome in workbench.view.debug
2024-09-12 12:44:20.804 [info] Added views:activeSceneTree,inspectNode in workbench.view.debug
2024-09-12 12:44:20.804 [info] Added views:scenePreview in workbench.view.extension.godotTools
2024-09-12 12:44:20.843 [info] Added views:~remote.forwardedPorts in ~remote.forwardedPortsContainer
2024-09-12 12:44:20.966 [info] Added views:workbench.panel.repl.view in workbench.panel.repl
2024-09-12 12:44:23.065 [info] Added views:test-explorer in workbench.view.extension.test
2024-09-12 12:45:10.383 [info] Added views:workbench.panel.markers.view in workbench.panel.markers
2024-09-12 12:45:10.383 [info] Added views:workbench.panel.output in workbench.panel.output
2024-09-12 12:45:10.383 [info] Added views:terminal in terminal
2024-09-12 12:45:10.383 [info] Added views:outline in workbench.view.explorer
2024-09-12 12:45:10.383 [info] Added views:workbench.scm in workbench.view.scm
2024-09-12 12:45:10.383 [info] Added views:workbench.view.search in workbench.view.search
2024-09-12 12:45:10.383 [info] Added views:timeline in workbench.view.explorer
2024-09-12 12:45:10.383 [info] Added views:workbench.explorer.fileView in workbench.view.explorer
2024-09-12 12:45:11.062 [info] Added views:workbench.debug.variablesView,workbench.debug.watchExpressionsView,workbench.debug.callStackView,workbench.debug.breakPointsView in workbench.view.debug
2024-09-12 12:45:11.364 [info] Added views:workbench.panel.repl.view in workbench.panel.repl
2024-09-12 12:45:11.365 [info] Removed views:workbench.debug.breakPointsView,workbench.debug.callStackView,workbench.debug.watchExpressionsView,workbench.debug.variablesView from workbench.view.debug
2024-09-12 12:45:11.366 [info] Added views:workbench.debug.welcome in workbench.view.debug
2024-09-12 12:45:11.422 [info] Added views:~remote.forwardedPorts in ~remote.forwardedPortsContainer
2024-09-12 12:45:11.624 [info] Added views:test-explorer in workbench.view.extension.test
2024-09-12 12:45:13.846 [info] Added views:activeSceneTree,inspectNode in workbench.view.debug
2024-09-12 12:45:13.850 [info] Added views:scenePreview in workbench.view.extension.godotTools
2024-09-12 12:45:14.963 [info] Added views:workbench.scm.history in workbench.view.scm
2024-09-12 12:45:18.387 [info] Added views:rustDependencies in workbench.view.explorer
2024-09-12 14:26:23.294 [info] Removed views:workbench.scm.history from workbench.view.scm
