2024-09-12T13:28:19.479045Z ERROR error="can't load standard library from sysroot\n{sysroot_path}\n(discovered via `rustc --print sysroot`)\ntry installing the Rust source the same way you installed rustc"
2024-09-12T13:28:27.679091Z ERROR error="can't load standard library from sysroot\n{sysroot_path}\n(discovered via `rustc --print sysroot`)\ntry installing the Rust source the same way you installed rustc"
2024-09-12T13:28:36.769654Z ERROR error="can't load standard library from sysroot\n{sysroot_path}\n(discovered via `rustc --print sysroot`)\ntry installing the Rust source the same way you installed rustc"
2024-09-12T13:28:39.667567Z ERROR error="can't load standard library from sysroot\n{sysroot_path}\n(discovered via `rustc --print sysroot`)\ntry installing the Rust source the same way you installed rustc"
2024-09-12T13:28:42.352701Z ERROR error="can't load standard library from sysroot\n{sysroot_path}\n(discovered via `rustc --print sysroot`)\ntry installing the Rust source the same way you installed rustc"
2024-09-12T13:28:43.818899Z ERROR error="can't load standard library from sysroot\n{sysroot_path}\n(discovered via `rustc --print sysroot`)\ntry installing the Rust source the same way you installed rustc"
2024-09-12T13:49:41.959129Z ERROR error="can't load standard library from sysroot\n{sysroot_path}\n(discovered via `rustc --print sysroot`)\ntry installing the Rust source the same way you installed rustc"
2024-09-12T13:49:44.213966Z ERROR Flycheck failed to run the following command: CommandHandle { program: "/usr/bin/cargo", arguments: ["check", "--workspace", "--message-format=json-diagnostic-rendered-ansi", "--manifest-path", "/home/rain/programming/rust/rust-vulkan/Cargo.toml", "--keep-going", "--all-targets"], current_dir: Some("/home/rain/programming/rust/rust-vulkan") }, error=Cargo watcher failed, the command produced no valid metadata (exit code: ExitStatus(unix_wait_status(25856))):
    Blocking waiting for file lock on package cache
    Updating crates.io index
error: failed to select a version for the requirement `pollster = "^0.0.0"`
candidate versions found which didn't match: 0.3.0, 0.2.5, 0.2.4, ...
location searched: crates.io index
required by package `rust-vulkan v0.1.0 (/home/rain/programming/rust/rust-vulkan)`

2024-09-12T13:49:44.371442Z ERROR error="can't load standard library from sysroot\n{sysroot_path}\n(discovered via `rustc --print sysroot`)\ntry installing the Rust source the same way you installed rustc"
2024-09-12T13:49:45.094214Z ERROR Flycheck failed to run the following command: CommandHandle { program: "/usr/bin/cargo", arguments: ["check", "--workspace", "--message-format=json-diagnostic-rendered-ansi", "--manifest-path", "/home/rain/programming/rust/rust-vulkan/Cargo.toml", "--keep-going", "--all-targets"], current_dir: Some("/home/rain/programming/rust/rust-vulkan") }, error=Cargo watcher failed, the command produced no valid metadata (exit code: ExitStatus(unix_wait_status(25856))):
    Updating crates.io index
error: failed to select a version for the requirement `pollster = "^0.0.0"`
candidate versions found which didn't match: 0.3.0, 0.2.5, 0.2.4, ...
location searched: crates.io index
required by package `rust-vulkan v0.1.0 (/home/rain/programming/rust/rust-vulkan)`

2024-09-12T13:49:46.533277Z ERROR error="can't load standard library from sysroot\n{sysroot_path}\n(discovered via `rustc --print sysroot`)\ntry installing the Rust source the same way you installed rustc"
2024-09-12T13:49:52.172680Z ERROR error="can't load standard library from sysroot\n{sysroot_path}\n(discovered via `rustc --print sysroot`)\ntry installing the Rust source the same way you installed rustc"
2024-09-12T13:49:52.531638Z ERROR error="can't load standard library from sysroot\n{sysroot_path}\n(discovered via `rustc --print sysroot`)\ntry installing the Rust source the same way you installed rustc"
2024-09-12T13:50:25.446408Z ERROR error="can't load standard library from sysroot\n{sysroot_path}\n(discovered via `rustc --print sysroot`)\ntry installing the Rust source the same way you installed rustc"
2024-09-12T13:50:31.824360Z ERROR error="can't load standard library from sysroot\n{sysroot_path}\n(discovered via `rustc --print sysroot`)\ntry installing the Rust source the same way you installed rustc"
2024-09-12T13:50:32.645760Z ERROR error="can't load standard library from sysroot\n{sysroot_path}\n(discovered via `rustc --print sysroot`)\ntry installing the Rust source the same way you installed rustc"
2024-09-12T13:51:22.415227Z ERROR flycheck 0: File with cargo diagnostic not found in VFS: file not found: /usr/src/debug/rust/rustc-1.81.0-src/library/core/src/macros/mod.rs
2024-09-12T13:51:22.415360Z ERROR flycheck 0: File with cargo diagnostic not found in VFS: file not found: /usr/src/debug/rust/rustc-1.81.0-src/library/core/src/macros/mod.rs
2024-09-12T13:51:40.379740Z ERROR flycheck 0: File with cargo diagnostic not found in VFS: file not found: /usr/src/debug/rust/rustc-1.81.0-src/library/core/src/macros/mod.rs
2024-09-12T13:51:40.379908Z ERROR flycheck 0: File with cargo diagnostic not found in VFS: file not found: /usr/src/debug/rust/rustc-1.81.0-src/library/core/src/macros/mod.rs
2024-09-12T13:54:57.274385Z ERROR flycheck 0: File with cargo diagnostic not found in VFS: file not found: /usr/src/debug/rust/rustc-1.81.0-src/library/core/src/macros/mod.rs
2024-09-12T13:54:57.301676Z ERROR flycheck 0: File with cargo diagnostic not found in VFS: file not found: /usr/src/debug/rust/rustc-1.81.0-src/library/core/src/macros/mod.rs
2024-09-12T13:55:22.842936Z ERROR flycheck 0: File with cargo diagnostic not found in VFS: file not found: /usr/src/debug/rust/rustc-1.81.0-src/library/core/src/macros/mod.rs
2024-09-12T13:55:22.843263Z ERROR flycheck 0: File with cargo diagnostic not found in VFS: file not found: /usr/src/debug/rust/rustc-1.81.0-src/library/core/src/macros/mod.rs
2024-09-12T13:55:59.859695Z ERROR flycheck 0: File with cargo diagnostic not found in VFS: file not found: /usr/src/debug/rust/rustc-1.81.0-src/library/core/src/macros/mod.rs
2024-09-12T13:55:59.859881Z ERROR flycheck 0: File with cargo diagnostic not found in VFS: file not found: /usr/src/debug/rust/rustc-1.81.0-src/library/core/src/macros/mod.rs
2024-09-12T14:07:31.751174Z ERROR flycheck 0: File with cargo diagnostic not found in VFS: file not found: /usr/src/debug/rust/rustc-1.81.0-src/library/core/src/macros/mod.rs
2024-09-12T14:07:31.752024Z ERROR flycheck 0: File with cargo diagnostic not found in VFS: file not found: /usr/src/debug/rust/rustc-1.81.0-src/library/core/src/macros/mod.rs
2024-09-12T14:07:45.260105Z ERROR error="can't load standard library from sysroot\n{sysroot_path}\n(discovered via `rustc --print sysroot`)\ntry installing the Rust source the same way you installed rustc"
2024-09-12T14:07:55.756881Z ERROR error="can't load standard library from sysroot\n{sysroot_path}\n(discovered via `rustc --print sysroot`)\ntry installing the Rust source the same way you installed rustc"
2024-09-12T14:19:15.971612Z ERROR error="can't load standard library from sysroot\n{sysroot_path}\n(discovered via `rustc --print sysroot`)\ntry installing the Rust source the same way you installed rustc"
2024-09-12T14:19:26.082474Z ERROR error="can't load standard library from sysroot\n{sysroot_path}\n(discovered via `rustc --print sysroot`)\ntry installing the Rust source the same way you installed rustc"
2024-09-12T14:19:45.227317Z ERROR error="can't load standard library from sysroot\n{sysroot_path}\n(discovered via `rustc --print sysroot`)\ntry installing the Rust source the same way you installed rustc"
2024-09-12T14:20:00.720775Z ERROR error="can't load standard library from sysroot\n{sysroot_path}\n(discovered via `rustc --print sysroot`)\ntry installing the Rust source the same way you installed rustc"
2024-09-12T14:23:04.531622Z ERROR error="can't load standard library from sysroot\n{sysroot_path}\n(discovered via `rustc --print sysroot`)\ntry installing the Rust source the same way you installed rustc"
2024-09-12T14:23:45.020500Z ERROR error="can't load standard library from sysroot\n{sysroot_path}\n(discovered via `rustc --print sysroot`)\ntry installing the Rust source the same way you installed rustc"
2024-09-12T14:25:31.631350Z ERROR error="can't load standard library from sysroot\n{sysroot_path}\n(discovered via `rustc --print sysroot`)\ntry installing the Rust source the same way you installed rustc"
2024-09-12T14:33:12.708169Z ERROR error="can't load standard library from sysroot\n{sysroot_path}\n(discovered via `rustc --print sysroot`)\ntry installing the Rust source the same way you installed rustc"
